# JRE version: Java(TM) SE Runtime Environment (8.0_40-b25) (build 1.8.0_40-b25)
# Java VM: Java HotSpot(TM) 64-Bit Server VM (25.40-b25 mixed mode linux-amd64 compressed oops)
Heap:
 PSYoungGen      total 69120K, used 4311K [0x00000000eab00000, 0x00000000ef400000, 0x0000000100000000)
  eden space 63488K, 0% used [0x00000000eab00000,0x00000000eab00000,0x00000000ee900000)
  from space 5632K, 76% used [0x00000000ee900000,0x00000000eed35c60,0x00000000eee80000)
  to   space 5632K, 0% used [0x00000000eee80000,0x00000000eee80000,0x00000000ef400000)
 ParOldGen       total 42496K, used 41605K [0x00000000c0000000, 0x00000000c2980000, 0x00000000eab00000)
  object space 42496K, 97% used [0x00000000c0000000,0x00000000c28a1700,0x00000000c2980000)
 Metaspace       used 7913K, capacity 8056K, committed 8320K, reserved 1056768K
  class space    used 774K, capacity 816K, committed 896K, reserved 1048576K
GC Heap History (10 events):
Event: 2.843 GC heap after
Heap after GC invocations=4 (full 0):
 PSYoungGen      total 18432K, used 2528K [0x00000000eab00000, 0x00000000ecf00000, 0x0000000100000000)
  eden space 15872K, 0% used [0x00000000eab00000,0x00000000eab00000,0x00000000eba80000)
  from space 2560K, 98% used [0x00000000ebd00000,0x00000000ebf78018,0x00000000ebf80000)
  to   space 2560K, 0% used [0x00000000eba80000,0x00000000eba80000,0x00000000ebd00000)
 ParOldGen       total 42496K, used 9393K [0x00000000c0000000, 0x00000000c2980000, 0x00000000eab00000)
  object space 42496K, 22% used [0x00000000c0000000,0x00000000c092c7a0,0x00000000c2980000)
 Metaspace       used 7813K, capacity 7992K, committed 8320K, reserved 1056768K
  class space    used 774K, capacity 816K, committed 896K, reserved 1048576K
}
Event: 2.974 GC heap before
{Heap before GC invocations=5 (full 0):
 PSYoungGen      total 18432K, used 18400K [0x00000000eab00000, 0x00000000ecf00000, 0x0000000100000000)
  eden space 15872K, 100% used [0x00000000eab00000,0x00000000eba80000,0x00000000eba80000)
  from space 2560K, 98% used [0x00000000ebd00000,0x00000000ebf78018,0x00000000ebf80000)
  to   space 2560K, 0% used [0x00000000eba80000,0x00000000eba80000,0x00000000ebd00000)
 ParOldGen       total 42496K, used 9393K [0x00000000c0000000, 0x00000000c2980000, 0x00000000eab00000)
  object space 42496K, 22% used [0x00000000c0000000,0x00000000c092c7a0,0x00000000c2980000)
 Metaspace       used 7860K, capacity 8056K, committed 8320K, reserved 1056768K
  class space    used 774K, capacity 816K, committed 896K, reserved 1048576K
Event: 2.981 GC heap after
Heap after GC invocations=5 (full 0):
 PSYoungGen      total 18432K, used 2528K [0x00000000eab00000, 0x00000000ed500000, 0x0000000100000000)
  eden space 15872K, 0% used [0x00000000eab00000,0x00000000eab00000,0x00000000eba80000)
  from space 2560K, 98% used [0x00000000eba80000,0x00000000ebcf8018,0x00000000ebd00000)
  to   space 5632K, 0% used [0x00000000ecf80000,0x00000000ecf80000,0x00000000ed500000)
 ParOldGen       total 42496K, used 11678K [0x00000000c0000000, 0x00000000c2980000, 0x00000000eab00000)
  object space 42496K, 27% used [0x00000000c0000000,0x00000000c0b67988,0x00000000c2980000)
 Metaspace       used 7860K, capacity 8056K, committed 8320K, reserved 1056768K
  class space    used 774K, capacity 816K, committed 896K, reserved 1048576K
}
Event: 3.065 GC heap before
{Heap before GC invocations=6 (full 0):
 PSYoungGen      total 18432K, used 18400K [0x00000000eab00000, 0x00000000ed500000, 0x0000000100000000)
  eden space 15872K, 100% used [0x00000000eab00000,0x00000000eba80000,0x00000000eba80000)
  from space 2560K, 98% used [0x00000000eba80000,0x00000000ebcf8018,0x00000000ebd00000)
  to   space 5632K, 0% used [0x00000000ecf80000,0x00000000ecf80000,0x00000000ed500000)
 ParOldGen       total 42496K, used 11678K [0x00000000c0000000, 0x00000000c2980000, 0x00000000eab00000)
  object space 42496K, 27% used [0x00000000c0000000,0x00000000c0b67988,0x00000000c2980000)
 Metaspace       used 7874K, capacity 8056K, committed 8320K, reserved 1056768K
  class space    used 774K, capacity 816K, committed 896K, reserved 1048576K
Event: 3.076 GC heap after
Heap after GC invocations=6 (full 0):
 PSYoungGen      total 37376K, used 4492K [0x00000000eab00000, 0x00000000ed500000, 0x0000000100000000)
  eden space 31744K, 0% used [0x00000000eab00000,0x00000000eab00000,0x00000000eca00000)
  from space 5632K, 79% used [0x00000000ecf80000,0x00000000ed3e30c0,0x00000000ed500000)
  to   space 5632K, 0% used [0x00000000eca00000,0x00000000eca00000,0x00000000ecf80000)
 ParOldGen       total 42496K, used 13812K [0x00000000c0000000, 0x00000000c2980000, 0x00000000eab00000)
  object space 42496K, 32% used [0x00000000c0000000,0x00000000c0d7d3e0,0x00000000c2980000)
 Metaspace       used 7874K, capacity 8056K, committed 8320K, reserved 1056768K
  class space    used 774K, capacity 816K, committed 896K, reserved 1048576K
}
Event: 3.217 GC heap before
{Heap before GC invocations=7 (full 0):
 PSYoungGen      total 37376K, used 36236K [0x00000000eab00000, 0x00000000ed500000, 0x0000000100000000)
  eden space 31744K, 100% used [0x00000000eab00000,0x00000000eca00000,0x00000000eca00000)
  from space 5632K, 79% used [0x00000000ecf80000,0x00000000ed3e30c0,0x00000000ed500000)
  to   space 5632K, 0% used [0x00000000eca00000,0x00000000eca00000,0x00000000ecf80000)
 ParOldGen       total 42496K, used 13812K [0x00000000c0000000, 0x00000000c2980000, 0x00000000eab00000)
  object space 42496K, 32% used [0x00000000c0000000,0x00000000c0d7d3e0,0x00000000c2980000)
 Metaspace       used 7885K, capacity 8056K, committed 8320K, reserved 1056768K
  class space    used 774K, capacity 816K, committed 896K, reserved 1048576K
Event: 3.224 GC heap after
Heap after GC invocations=7 (full 0):
 PSYoungGen      total 37376K, used 5073K [0x00000000eab00000, 0x00000000ef400000, 0x0000000100000000)
  eden space 31744K, 0% used [0x00000000eab00000,0x00000000eab00000,0x00000000eca00000)
  from space 5632K, 90% used [0x00000000eca00000,0x00000000ecef47a0,0x00000000ecf80000)
  to   space 5632K, 0% used [0x00000000eee80000,0x00000000eee80000,0x00000000ef400000)
 ParOldGen       total 42496K, used 14500K [0x00000000c0000000, 0x00000000c2980000, 0x00000000eab00000)
  object space 42496K, 34% used [0x00000000c0000000,0x00000000c0e29008,0x00000000c2980000)
 Metaspace       used 7885K, capacity 8056K, committed 8320K, reserved 1056768K
  class space    used 774K, capacity 816K, committed 896K, reserved 1048576K
}
Event: 3.346 GC heap before
{Heap before GC invocations=8 (full 0):
 PSYoungGen      total 37376K, used 36817K [0x00000000eab00000, 0x00000000ef400000, 0x0000000100000000)
  eden space 31744K, 100% used [0x00000000eab00000,0x00000000eca00000,0x00000000eca00000)
  from space 5632K, 90% used [0x00000000eca00000,0x00000000ecef47a0,0x00000000ecf80000)
  to   space 5632K, 0% used [0x00000000eee80000,0x00000000eee80000,0x00000000ef400000)
 ParOldGen       total 42496K, used 14500K [0x00000000c0000000, 0x00000000c2980000, 0x00000000eab00000)
  object space 42496K, 34% used [0x00000000c0000000,0x00000000c0e29008,0x00000000c2980000)
 Metaspace       used 7900K, capacity 8056K, committed 8320K, reserved 1056768K
  class space    used 774K, capacity 816K, committed 896K, reserved 1048576K
Event: 3.355 GC heap after
Heap after GC invocations=8 (full 0):
 PSYoungGen      total 69120K, used 4037K [0x00000000eab00000, 0x00000000ef400000, 0x0000000100000000)
  eden space 63488K, 0% used [0x00000000eab00000,0x00000000eab00000,0x00000000ee900000)
  from space 5632K, 71% used [0x00000000eee80000,0x00000000ef2717d8,0x00000000ef400000)
  to   space 5632K, 0% used [0x00000000ee900000,0x00000000ee900000,0x00000000eee80000)
 ParOldGen       total 42496K, used 21807K [0x00000000c0000000, 0x00000000c2980000, 0x00000000eab00000)
  object space 42496K, 51% used [0x00000000c0000000,0x00000000c154bc98,0x00000000c2980000)
 Metaspace       used 7900K, capacity 8056K, committed 8320K, reserved 1056768K
  class space    used 774K, capacity 816K, committed 896K, reserved 1048576K
}
Event: 3.517 GC heap before
{Heap before GC invocations=9 (full 0):
 PSYoungGen      total 69120K, used 67525K [0x00000000eab00000, 0x00000000ef400000, 0x0000000100000000)
  eden space 63488K, 100% used [0x00000000eab00000,0x00000000ee900000,0x00000000ee900000)
  from space 5632K, 71% used [0x00000000eee80000,0x00000000ef2717d8,0x00000000ef400000)
  to   space 5632K, 0% used [0x00000000ee900000,0x00000000ee900000,0x00000000eee80000)
 ParOldGen       total 42496K, used 21807K [0x00000000c0000000, 0x00000000c2980000, 0x00000000eab00000)
  object space 42496K, 51% used [0x00000000c0000000,0x00000000c154bc98,0x00000000c2980000)
 Metaspace       used 7913K, capacity 8056K, committed 8320K, reserved 1056768K
  class space    used 774K, capacity 816K, committed 896K, reserved 1048576K

